<?xml version="1.0" encoding="UTF-8"?>
<!-- Generated by org.testng.reporters.JUnitReportReporter -->
<testsuite hostname="DESKTOP-A3GD6VD" failures="0" tests="1" name="org.Base.Tests" time="22.925" errors="0" timestamp="2022-03-18T13:01:07 IST" skipped="0">
  <testcase classname="org.Base.Tests" name="testMethod" time="22.925"/>
  <system-out/>
</testsuite> <!-- org.Base.Tests -->
